make all --print-data-base --no-builtin-variables --no-builtin-rules --question
# GNU Make 4.2.1
# Built for x86_64-pc-linux-gnu
# Copyright (C) 1988-2016 Free Software Foundation, Inc.
# License GPLv3+: GNU GPL version 3 or later <http://gnu.org/licenses/gpl.html>
# This is free software: you are free to change and redistribute it.
# There is NO WARRANTY, to the extent permitted by law.

# Make data base, printed on Tue Apr  5 13:16:04 2022

# Variables

# automatic
<D = $(patsubst %/,%,$(dir $<))
# automatic
?F = $(notdir $?)
# environment
DESKTOP_SESSION = cinnamon
# default
.SHELLFLAGS := -c
# environment
XDG_SESSION_CLASS = user
# environment
XDG_SESSION_TYPE = x11
# environment
VSCODE_LOG_NATIVE = false
# environment
GTK3_MODULES = xapp-gtk3-module
# automatic
?D = $(patsubst %/,%,$(dir $?))
# environment
PLATFORMIO_IDE = 2.4.3
# automatic
@D = $(patsubst %/,%,$(dir $@))
# environment
XAUTHORITY = /home/george/.Xauthority
# environment
GDMSESSION = cinnamon
# default
MAKE_VERSION := 4.2.1
# makefile
CURDIR := /home/george/Documents/PlatformIO/Projects/esp32test
# makefile
SHELL = /bin/sh
# environment
GDM_LANG = en_NZ
# environment
VSCODE_NLS_CONFIG = {"locale":"en-gb","availableLanguages":{},"_languagePackSupport":true}
# environment
_ = /usr/share/code/code
# environment
XDG_CONFIG_DIRS = /etc/xdg/xdg-cinnamon:/etc/xdg
# environment
GTK_OVERLAY_SCROLLING = 1
# makefile
MAKEFILE_LIST := 
# automatic
@F = $(notdir $@)
# environment
GIO_LAUNCHED_DESKTOP_FILE = /usr/share/applications/code.desktop
# 'override' directive
GNUMAKEFLAGS := 
# environment
XDG_DATA_DIRS = /usr/share/cinnamon:/usr/share/gnome:/home/george/.local/share/flatpak/exports/share:/var/lib/flatpak/exports/share:/usr/local/share:/usr/share
# environment
DBUS_SESSION_BUS_ADDRESS = unix:path=/run/user/1000/bus
# environment
VSCODE_VERBOSE_LOGGING = true
# environment
LESSOPEN = | /usr/bin/lesspipe %s
# environment
VSCODE_CWD = /home/george
# environment
XDG_SESSION_PATH = /org/freedesktop/DisplayManager/Session0
# default
MAKE_HOST := x86_64-pc-linux-gnu
# environment
NO_PROXY = 127.0.0.1
# environment
GPG_AGENT_INFO = /run/user/1000/gnupg/S.gpg-agent:0:1
# environment
SESSION_MANAGER = local/george-desktop:@/tmp/.ICE-unix/1296,unix/george-desktop:/tmp/.ICE-unix/1296
# environment
XDG_RUNTIME_DIR = /run/user/1000
# environment
VSCODE_LOG_STACK = false
# environment
ELECTRON_RUN_AS_NODE = 1
# default
.FEATURES := target-specific order-only second-expansion else-if shortest-stem undefine oneshell archives jobserver output-sync check-symlink load
# environment
XDG_GREETER_DATA_DIR = /var/lib/lightdm-data/george
# environment
LS_COLORS = 
# environment
XDG_SESSION_DESKTOP = cinnamon
# environment
SSH_AUTH_SOCK = /run/user/1000/keyring/ssh
# environment
GIO_LAUNCHED_DESKTOP_FILE_PID = 31776
# automatic
%F = $(notdir $%)
# environment
DISPLAY = :0
# environment
VSCODE_PIPE_LOGGING = true
# environment
PWD = /home/george/Documents/PlatformIO/Projects/esp32test
# environment
QT_QPA_PLATFORMTHEME = qt5ct
# default
.LOADED := 
# environment
XDG_SEAT = seat0
# environment
SSH_AGENT_PID = 1384
# environment
ORIGINAL_XDG_CURRENT_DESKTOP = X-Cinnamon
# environment
GTK_MODULES = gail:atk-bridge
# environment
VSCODE_AMD_ENTRYPOINT = vs/workbench/api/node/extensionHostProcess
# environment
HOME = /home/george
# environment
LESSCLOSE = /usr/bin/lesspipe %s %s
# environment
VSCODE_CODE_CACHE_PATH = /home/george/.config/Code/CachedData/e18005f0f1b33c29e81d732535d8c0e47cafb0b5
# environment
LOGNAME = george
# environment
APPLICATION_INSIGHTS_NO_DIAGNOSTIC_CHANNEL = 1
# environment
VSCODE_HANDLES_UNCAUGHT_ERRORS = true
# environment
GNOME_DESKTOP_SESSION_ID = this-is-deprecated
# automatic
^D = $(patsubst %/,%,$(dir $^))
# environment
XDG_VTNR = 7
# environment
MAKELEVEL := 0
# environment
PLATFORMIO_PATH = /home/george/.platformio/python3/bin:/home/george/.local/bin:/home/george/.local/bin:/usr/local/sbin:/usr/local/bin:/usr/sbin:/usr/bin:/sbin:/bin:/usr/games:/usr/local/games:/snap/bin
# default
MAKE = $(MAKE_COMMAND)
# default
MAKECMDGOALS := all
# environment
PATH = /home/george/.local/bin:/home/george/.local/bin:/usr/local/sbin:/usr/local/bin:/usr/sbin:/usr/bin:/sbin:/bin:/usr/games:/usr/local/games:/snap/bin
# environment
SHLVL = 0
# environment
VSCODE_IPC_HOOK_EXTHOST = /run/user/1000/vscode-ipc-4f3ee16e-ed3b-48bf-b500-17187d572b33.sock
# environment
XDG_SESSION_ID = c2
# environment
USER = george
# makefile
.DEFAULT_GOAL := 
# environment
XDG_CURRENT_DESKTOP = X-Cinnamon
# automatic
%D = $(patsubst %/,%,$(dir $%))
# default
MAKE_COMMAND := make
# default
.VARIABLES := 
# automatic
*F = $(notdir $*)
# environment
LANGUAGE = en_NZ:en
# environment
XDG_SEAT_PATH = /org/freedesktop/DisplayManager/Seat0
# environment
VSCODE_IPC_HOOK = /run/user/1000/vscode-f3843f0f-1.66.0-main.sock
# makefile
MAKEFLAGS = pqrR
# environment
MFLAGS = -pqrR
# automatic
*D = $(patsubst %/,%,$(dir $*))
# automatic
+D = $(patsubst %/,%,$(dir $+))
# environment
GDK_BACKEND = x11
# automatic
+F = $(notdir $+)
# environment
CINNAMON_VERSION = 5.2.7
# environment
QT_ACCESSIBILITY = 1
# default
MAKEFILES := 
# automatic
<F = $(notdir $<)
# environment
PLATFORMIO_CALLER = vscode
# environment
LC_ALL = C
# environment
GJS_DEBUG_TOPICS = JS ERROR;JS LOG
# automatic
^F = $(notdir $^)
# default
SUFFIXES := 
# environment
CHROME_DESKTOP = code-url-handler.desktop
# default
.INCLUDE_DIRS = /usr/include /usr/local/include /usr/include
# environment
GJS_DEBUG_OUTPUT = stderr
# default
.RECIPEPREFIX := 
# environment
LANG = C
# environment
VSCODE_PID = 31776
# variable set hash-table stats:
# Load=103/1024=10%, Rehash=0, Collisions=8/125=6%

# Pattern-specific Variable Values

# No pattern-specific variable values.

# Directories

# . (device 2050, inode 29099519): 10 files, no impossibilities.

# 10 files, no impossibilities in 1 directories.

# Implicit Rules

# No implicit rules.

# Files

# Not a target:
all:
#  Command line target.
#  Implicit rule search has been done.
#  File does not exist.
#  File has not been updated.

# Not a target:
Makefile:
#  Implicit rule search has been done.
#  File does not exist.
#  File has been updated.
#  Failed to be updated.

# Not a target:
makefile:
#  Implicit rule search has been done.
#  File does not exist.
#  File has been updated.
#  Failed to be updated.

# Not a target:
.DEFAULT:
#  Implicit rule search has not been done.
#  Modification time never checked.
#  File has not been updated.

# Not a target:
GNUmakefile:
#  Implicit rule search has been done.
#  File does not exist.
#  File has been updated.
#  Failed to be updated.

# files hash-table stats:
# Load=6/1024=1%, Rehash=0, Collisions=0/15=0%
# VPATH Search Paths

# No 'vpath' search paths.

# No general ('VPATH' variable) search path.

# strcache buffers: 1 (0) / strings = 18 / storage = 150 B / avg = 8 B
# current buf: size = 8162 B / used = 150 B / count = 18 / avg = 8 B

 
make: *** No rule to make target 'all'.  Stop.

# strcache performance: lookups = 21 / hit rate = 14%
# hash-table stats:
# Load=18/8192=0%, Rehash=0, Collisions=1/21=5%
# Finished Make data base on Tue Apr  5 13:16:04 2022

 
